mode: count
toolman.org/io/logpipe/logpipe.go:19.33,20.18 1 10
toolman.org/io/logpipe/logpipe.go:23.2,23.18 1 0
toolman.org/io/logpipe/logpipe.go:20.18,22.3 1 10
toolman.org/io/logpipe/logpipe.go:26.55,28.2 1 10
toolman.org/io/logpipe/logpipe.go:30.73,32.16 2 10
toolman.org/io/logpipe/logpipe.go:35.2,35.10 1 10
toolman.org/io/logpipe/logpipe.go:32.16,33.13 1 0
toolman.org/io/logpipe/logpipe.go:38.60,40.2 1 0
toolman.org/io/logpipe/logpipe.go:42.78,44.16 2 10
toolman.org/io/logpipe/logpipe.go:48.2,58.15 3 10
toolman.org/io/logpipe/logpipe.go:44.16,46.3 1 0
toolman.org/io/logpipe/logpipe.go:61.51,66.32 4 10
toolman.org/io/logpipe/logpipe.go:74.2,74.18 1 10
toolman.org/io/logpipe/logpipe.go:66.32,67.23 1 10
toolman.org/io/logpipe/logpipe.go:67.23,68.23 1 10
toolman.org/io/logpipe/logpipe.go:68.23,70.5 1 10
toolman.org/io/logpipe/logpipe.go:77.28,78.32 1 10
toolman.org/io/logpipe/logpipe.go:78.32,80.3 1 10
toolman.org/io/logpipe/logpipe.go:94.30,95.15 1 10
toolman.org/io/logpipe/logpipe.go:95.15,99.3 3 10
toolman.org/io/logpipe/logpipe.go:102.53,105.6 2 10
toolman.org/io/logpipe/logpipe.go:121.2,121.61 1 0
toolman.org/io/logpipe/logpipe.go:125.2,125.12 1 0
toolman.org/io/logpipe/logpipe.go:105.6,106.10 1 70
toolman.org/io/logpipe/logpipe.go:114.3,114.16 1 60
toolman.org/io/logpipe/logpipe.go:118.3,118.43 1 60
toolman.org/io/logpipe/logpipe.go:107.18,108.14 1 10
toolman.org/io/logpipe/logpipe.go:109.21,110.20 1 0
toolman.org/io/logpipe/logpipe.go:111.11,111.11 0 60
toolman.org/io/logpipe/logpipe.go:114.16,115.9 1 0
toolman.org/io/logpipe/logpipe.go:121.61,123.3 1 0
toolman.org/io/logpipe/logpipe.go:128.42,129.128 1 0
toolman.org/io/logpipe/logpipe.go:132.2,132.14 1 0
toolman.org/io/logpipe/logpipe.go:129.128,131.3 1 0
